2025-11-11 09:44:01 [@91a848f7b16c]
External #1: Launch DomainsAlert
2025-11-11 09:44:01 [@91a848f7b16c]
External #2: Launch pendingreason_autobump_autosolve
2025-11-11 09:44:01 [@91a848f7b16c]
External #3: Launch createinquest
2025-11-11 09:44:01 [@91a848f7b16c]
External #4: Launch queuedwebhook
2025-11-11 09:44:01 [@91a848f7b16c]
External #5: Launch purgedraftforms
2025-11-11 09:44:26 [@91a848f7b16c]
Interne #1 : Démarrage contract
2025-11-11 09:45:01 [@91a848f7b16c]
Interne #1 : Démarrage infocom
2025-11-11 09:45:02 [@91a848f7b16c]
External #1: Launch queuedwebhook
2025-11-11 09:46:01 [@91a848f7b16c]
External #1: Launch queuedwebhook
2025-11-11 09:47:02 [@91a848f7b16c]
External #1: Launch queuedwebhook
2025-11-11 09:48:01 [@91a848f7b16c]
External #1: Launch queuedwebhook
2025-11-11 09:49:02 [@91a848f7b16c]
External #1: Launch queuedwebhook
2025-11-11 09:50:01 [@91a848f7b16c]
External #1: Launch queuedwebhook
2025-11-11 09:51:02 [@91a848f7b16c]
External #1: Launch queuedwebhook
2025-11-11 09:51:36 [@91a848f7b16c]
Interne #1 : Démarrage mailgate
2025-11-11 09:52:01 [@91a848f7b16c]
External #1: Launch queuedwebhook
2025-11-11 09:53:02 [@91a848f7b16c]
External #1: Launch queuedwebhook
2025-11-11 09:54:01 [@91a848f7b16c]
External #1: Launch queuedwebhook
2025-11-11 09:55:02 [@91a848f7b16c]
External #1: Launch queuedwebhook
2025-11-11 09:55:24 [@91a848f7b16c]
Interne #1 : Démarrage session
2025-11-11 09:55:36 [@91a848f7b16c]
Interne #1 : Démarrage graph
2025-11-11 09:56:01 [@91a848f7b16c]
External #1: Launch queuedwebhook
2025-11-11 09:56:06 [@91a848f7b16c]
Interne #1 : Démarrage reservation
2025-11-11 09:57:02 [@91a848f7b16c]
External #1: Launch queuedwebhook
2025-11-11 09:58:01 [@91a848f7b16c]
External #1: Launch queuedwebhook
2025-11-11 09:59:01 [@91a848f7b16c]
Interne #1 : Démarrage closeticket
2025-11-11 09:59:02 [@91a848f7b16c]
External #1: Launch queuedwebhook
2025-11-11 10:00:01 [@91a848f7b16c]
External #1: Launch queuedwebhook
2025-11-11 10:00:37 [@91a848f7b16c]
Interne #1 : Démarrage alertnotclosed
2025-11-11 10:01:02 [@91a848f7b16c]
External #1: Launch queuedwebhook
2025-11-11 10:01:37 [@91a848f7b16c]
Interne #1 : Démarrage slaticket
2025-11-11 10:02:01 [@91a848f7b16c]
External #1: Launch queuedwebhook
2025-11-11 10:03:02 [@91a848f7b16c]
External #1: Launch queuedwebhook
2025-11-11 10:04:01 [@91a848f7b16c]
External #1: Launch queuedwebhook
2025-11-11 10:05:01 [@91a848f7b16c]
External #1: Launch queuedwebhook
2025-11-11 10:06:02 [@91a848f7b16c]
External #1: Launch queuedwebhook
2025-11-11 10:07:01 [@91a848f7b16c]
External #1: Launch queuedwebhook
2025-11-11 10:08:02 [@91a848f7b16c]
External #1: Launch queuedwebhook
2025-11-11 10:09:01 [@91a848f7b16c]
External #1: Launch queuedwebhook
2025-11-11 10:10:02 [@91a848f7b16c]
External #1: Launch queuedwebhook
2025-11-11 10:11:01 [@91a848f7b16c]
External #1: Launch queuedwebhook
2025-11-11 10:12:02 [@91a848f7b16c]
External #1: Launch queuedwebhook
2025-11-11 10:13:01 [@91a848f7b16c]
External #1: Launch queuedwebhook
2025-11-11 10:14:01 [@91a848f7b16c]
External #1: Launch pendingreason_autobump_autosolve
2025-11-11 10:14:01 [@91a848f7b16c]
External #2: Launch queuedwebhook
2025-11-11 10:15:02 [@91a848f7b16c]
External #1: Launch queuedwebhook
2025-11-11 10:15:59 [@91a848f7b16c]
Interne #1 : Démarrage createinquest
2025-11-11 10:16:01 [@91a848f7b16c]
External #1: Launch queuedwebhook
2025-11-11 10:17:02 [@91a848f7b16c]
External #1: Launch queuedwebhook
2025-11-11 10:17:10 [@91a848f7b16c]
Interne #1 : Démarrage watcher
2025-11-11 10:18:01 [@91a848f7b16c]
External #1: Launch queuedwebhook
2025-11-11 10:18:08 [@91a848f7b16c]
Interne #1 : Démarrage RecurrentItems
2025-11-11 10:19:02 [@91a848f7b16c]
External #1: Launch queuedwebhook
2025-11-11 10:20:01 [@91a848f7b16c]
External #1: Launch queuedwebhook
2025-11-11 10:21:02 [@91a848f7b16c]
External #1: Launch queuedwebhook
2025-11-11 10:22:01 [@91a848f7b16c]
External #1: Launch queuedwebhook
2025-11-11 10:23:02 [@91a848f7b16c]
External #1: Launch queuedwebhook
2025-11-11 10:24:01 [@91a848f7b16c]
External #1: Launch queuedwebhook
2025-11-11 10:25:02 [@91a848f7b16c]
External #1: Launch queuedwebhook
